[0.494s] Invoking command in '/Users/martinwhite/dev_ws/src/py_pubsub': PYTHONPATH=/Users/martinwhite/dev_ws/src/py_pubsub/install/py_pubsub/lib/python3.8/site-packages:${PYTHONPATH} SHLVL=2 _=/usr/bin/env /usr/local/opt/python@3.8/bin/python3.8 setup.py egg_info --egg-base build/py_pubsub build --build-base /Users/martinwhite/dev_ws/src/py_pubsub/build/py_pubsub/build install --prefix /Users/martinwhite/dev_ws/src/py_pubsub/install/py_pubsub --record /Users/martinwhite/dev_ws/src/py_pubsub/build/py_pubsub/install.log --single-version-externally-managed
[0.874s] running egg_info
[0.875s] creating build/py_pubsub/py_pubsub.egg-info
[0.875s] writing build/py_pubsub/py_pubsub.egg-info/PKG-INFO
[0.876s] writing dependency_links to build/py_pubsub/py_pubsub.egg-info/dependency_links.txt
[0.876s] writing entry points to build/py_pubsub/py_pubsub.egg-info/entry_points.txt
[0.876s] writing requirements to build/py_pubsub/py_pubsub.egg-info/requires.txt
[0.877s] writing top-level names to build/py_pubsub/py_pubsub.egg-info/top_level.txt
[0.877s] writing manifest file 'build/py_pubsub/py_pubsub.egg-info/SOURCES.txt'
[0.917s] reading manifest file 'build/py_pubsub/py_pubsub.egg-info/SOURCES.txt'
[0.919s] writing manifest file 'build/py_pubsub/py_pubsub.egg-info/SOURCES.txt'
[0.920s] running build
[0.920s] running build_py
[0.921s] creating /Users/martinwhite/dev_ws/src/py_pubsub/build/py_pubsub/build
[0.921s] creating /Users/martinwhite/dev_ws/src/py_pubsub/build/py_pubsub/build/lib
[0.922s] creating /Users/martinwhite/dev_ws/src/py_pubsub/build/py_pubsub/build/lib/py_pubsub
[0.922s] copying py_pubsub/__init__.py -> /Users/martinwhite/dev_ws/src/py_pubsub/build/py_pubsub/build/lib/py_pubsub
[0.922s] copying py_pubsub/publisher_member_function.py -> /Users/martinwhite/dev_ws/src/py_pubsub/build/py_pubsub/build/lib/py_pubsub
[0.922s] copying py_pubsub/subscriber_member_function.py -> /Users/martinwhite/dev_ws/src/py_pubsub/build/py_pubsub/build/lib/py_pubsub
[0.923s] running install
[0.923s] running install_lib
[0.925s] creating /Users/martinwhite/dev_ws/src/py_pubsub/install/py_pubsub/lib/python3.8/site-packages/py_pubsub
[0.925s] copying /Users/martinwhite/dev_ws/src/py_pubsub/build/py_pubsub/build/lib/py_pubsub/__init__.py -> /Users/martinwhite/dev_ws/src/py_pubsub/install/py_pubsub/lib/python3.8/site-packages/py_pubsub
[0.925s] copying /Users/martinwhite/dev_ws/src/py_pubsub/build/py_pubsub/build/lib/py_pubsub/publisher_member_function.py -> /Users/martinwhite/dev_ws/src/py_pubsub/install/py_pubsub/lib/python3.8/site-packages/py_pubsub
[0.926s] copying /Users/martinwhite/dev_ws/src/py_pubsub/build/py_pubsub/build/lib/py_pubsub/subscriber_member_function.py -> /Users/martinwhite/dev_ws/src/py_pubsub/install/py_pubsub/lib/python3.8/site-packages/py_pubsub
[0.927s] byte-compiling /Users/martinwhite/dev_ws/src/py_pubsub/install/py_pubsub/lib/python3.8/site-packages/py_pubsub/__init__.py to __init__.cpython-38.pyc
[0.927s] byte-compiling /Users/martinwhite/dev_ws/src/py_pubsub/install/py_pubsub/lib/python3.8/site-packages/py_pubsub/publisher_member_function.py to publisher_member_function.cpython-38.pyc
[0.929s] byte-compiling /Users/martinwhite/dev_ws/src/py_pubsub/install/py_pubsub/lib/python3.8/site-packages/py_pubsub/subscriber_member_function.py to subscriber_member_function.cpython-38.pyc
[0.930s] running install_data
[0.933s] creating /Users/martinwhite/dev_ws/src/py_pubsub/install/py_pubsub/share/ament_index
[0.933s] creating /Users/martinwhite/dev_ws/src/py_pubsub/install/py_pubsub/share/ament_index/resource_index
[0.934s] creating /Users/martinwhite/dev_ws/src/py_pubsub/install/py_pubsub/share/ament_index/resource_index/packages
[0.934s] copying resource/py_pubsub -> /Users/martinwhite/dev_ws/src/py_pubsub/install/py_pubsub/share/ament_index/resource_index/packages
[0.934s] copying package.xml -> /Users/martinwhite/dev_ws/src/py_pubsub/install/py_pubsub/share/py_pubsub
[0.935s] running install_egg_info
[0.939s] Copying build/py_pubsub/py_pubsub.egg-info to /Users/martinwhite/dev_ws/src/py_pubsub/install/py_pubsub/lib/python3.8/site-packages/py_pubsub-0.0.0-py3.8.egg-info
[0.945s] running install_scripts
[0.995s] Installing listener script to /Users/martinwhite/dev_ws/src/py_pubsub/install/py_pubsub/lib/py_pubsub
[0.995s] Installing talker script to /Users/martinwhite/dev_ws/src/py_pubsub/install/py_pubsub/lib/py_pubsub
[0.996s] writing list of installed files to '/Users/martinwhite/dev_ws/src/py_pubsub/build/py_pubsub/install.log'
[1.027s] Invoked command in '/Users/martinwhite/dev_ws/src/py_pubsub' returned '0': PYTHONPATH=/Users/martinwhite/dev_ws/src/py_pubsub/install/py_pubsub/lib/python3.8/site-packages:${PYTHONPATH} SHLVL=2 _=/usr/bin/env /usr/local/opt/python@3.8/bin/python3.8 setup.py egg_info --egg-base build/py_pubsub build --build-base /Users/martinwhite/dev_ws/src/py_pubsub/build/py_pubsub/build install --prefix /Users/martinwhite/dev_ws/src/py_pubsub/install/py_pubsub --record /Users/martinwhite/dev_ws/src/py_pubsub/build/py_pubsub/install.log --single-version-externally-managed
