[0.897s] DEBUG:colcon:Command line arguments: ['/usr/local/bin/colcon', 'build', '--packages-select', 'py_pubsub']
[0.898s] DEBUG:colcon:Parsed command line arguments: Namespace(ament_cmake_args=None, base_paths=['.'], build_base='build', catkin_cmake_args=None, catkin_skip_building_tests=False, cmake_args=None, cmake_clean_cache=False, cmake_clean_first=False, cmake_force_configure=False, cmake_target=None, cmake_target_skip_unavailable=False, continue_on_error=False, event_handlers=None, executor='parallel', ignore_user_meta=False, install_base='install', log_base=None, log_level=None, main=<bound method BuildVerb.main of <colcon_core.verb.build.BuildVerb object at 0x10b12aaf0>>, merge_install=False, metas=['./colcon.meta'], packages_above=None, packages_above_and_dependencies=None, packages_above_depth=None, packages_end=None, packages_ignore=None, packages_ignore_regex=None, packages_select=['py_pubsub'], packages_select_build_failed=False, packages_select_by_dep=None, packages_select_regex=None, packages_select_test_failures=False, packages_skip=None, packages_skip_build_finished=False, packages_skip_by_dep=None, packages_skip_regex=None, packages_skip_test_passed=False, packages_skip_up_to=None, packages_start=None, packages_up_to=None, packages_up_to_regex=None, parallel_workers=8, paths=None, symlink_install=False, test_result_base=None, verb_extension=<colcon_core.verb.build.BuildVerb object at 0x10b12aaf0>, verb_name='build', verb_parser=<colcon_defaults.argument_parser.defaults.DefaultArgumentsDecorator object at 0x10b1390a0>)
[0.932s] Level 1:colcon.colcon_core.package_discovery:discover_packages(colcon_meta) check parameters
[0.932s] Level 1:colcon.colcon_core.package_discovery:discover_packages(recursive) check parameters
[0.933s] Level 1:colcon.colcon_core.package_discovery:discover_packages(ignore) check parameters
[0.933s] Level 1:colcon.colcon_core.package_discovery:discover_packages(path) check parameters
[0.933s] Level 1:colcon.colcon_core.package_discovery:discover_packages(colcon_meta) discover
[0.933s] Level 1:colcon.colcon_core.package_discovery:discover_packages(recursive) discover
[0.933s] INFO:colcon.colcon_core.package_discovery:Crawling recursively for packages in '/Users/martinwhite/dev_ws/src/py_pubsub'
[0.933s] Level 1:colcon.colcon_core.package_identification:_identify(.) by extensions ['ignore', 'ignore_ament_install']
[0.933s] Level 1:colcon.colcon_core.package_identification:_identify(.) by extension 'ignore'
[0.933s] Level 1:colcon.colcon_core.package_identification:_identify(.) by extension 'ignore_ament_install'
[0.933s] Level 1:colcon.colcon_core.package_identification:_identify(.) by extensions ['colcon_pkg']
[0.933s] Level 1:colcon.colcon_core.package_identification:_identify(.) by extension 'colcon_pkg'
[0.934s] Level 1:colcon.colcon_core.package_identification:_identify(.) by extensions ['colcon_meta']
[0.934s] Level 1:colcon.colcon_core.package_identification:_identify(.) by extension 'colcon_meta'
[0.934s] Level 1:colcon.colcon_core.package_identification:_identify(.) by extensions ['ros']
[0.934s] Level 1:colcon.colcon_core.package_identification:_identify(.) by extension 'ros'
[0.969s] DEBUG:colcon.colcon_core.package_identification:Package '.' with type 'ros.ament_python' and name 'py_pubsub'
[0.969s] Level 1:colcon.colcon_core.package_discovery:discover_packages(recursive) using defaults
[0.969s] Level 1:colcon.colcon_core.package_discovery:discover_packages(ignore) discover
[0.969s] Level 1:colcon.colcon_core.package_discovery:discover_packages(ignore) using defaults
[0.969s] Level 1:colcon.colcon_core.package_discovery:discover_packages(path) discover
[0.969s] Level 1:colcon.colcon_core.package_discovery:discover_packages(path) using defaults
[1.078s] Level 5:colcon.colcon_core.verb:set package 'py_pubsub' build argument 'cmake_args' from command line to 'None'
[1.078s] Level 5:colcon.colcon_core.verb:set package 'py_pubsub' build argument 'cmake_target' from command line to 'None'
[1.078s] Level 5:colcon.colcon_core.verb:set package 'py_pubsub' build argument 'cmake_target_skip_unavailable' from command line to 'False'
[1.078s] Level 5:colcon.colcon_core.verb:set package 'py_pubsub' build argument 'cmake_clean_cache' from command line to 'False'
[1.078s] Level 5:colcon.colcon_core.verb:set package 'py_pubsub' build argument 'cmake_clean_first' from command line to 'False'
[1.078s] Level 5:colcon.colcon_core.verb:set package 'py_pubsub' build argument 'cmake_force_configure' from command line to 'False'
[1.078s] Level 5:colcon.colcon_core.verb:set package 'py_pubsub' build argument 'ament_cmake_args' from command line to 'None'
[1.078s] Level 5:colcon.colcon_core.verb:set package 'py_pubsub' build argument 'catkin_cmake_args' from command line to 'None'
[1.078s] Level 5:colcon.colcon_core.verb:set package 'py_pubsub' build argument 'catkin_skip_building_tests' from command line to 'False'
[1.078s] DEBUG:colcon.colcon_core.verb:Building package 'py_pubsub' with the following arguments: {'ament_cmake_args': None, 'build_base': '/Users/martinwhite/dev_ws/src/py_pubsub/build/py_pubsub', 'catkin_cmake_args': None, 'catkin_skip_building_tests': False, 'cmake_args': None, 'cmake_clean_cache': False, 'cmake_clean_first': False, 'cmake_force_configure': False, 'cmake_target': None, 'cmake_target_skip_unavailable': False, 'install_base': '/Users/martinwhite/dev_ws/src/py_pubsub/install/py_pubsub', 'merge_install': False, 'path': '/Users/martinwhite/dev_ws/src/py_pubsub', 'symlink_install': False, 'test_result_base': None}
[1.082s] INFO:colcon.colcon_core.executor:Executing jobs using 'parallel' executor
[1.112s] DEBUG:colcon.colcon_parallel_executor.executor.parallel:run_until_complete
[1.112s] INFO:colcon.colcon_ros.task.ament_python.build:Building ROS package in '/Users/martinwhite/dev_ws/src/py_pubsub' with build type 'ament_python'
[1.112s] Level 1:colcon.colcon_core.shell:create_environment_hook('py_pubsub', 'ament_prefix_path')
[1.131s] INFO:colcon.colcon_core.plugin_system:Skipping extension 'colcon_core.shell.bat': Not used on non-Windows systems
[1.131s] INFO:colcon.colcon_core.shell:Creating environment hook '/Users/martinwhite/dev_ws/src/py_pubsub/install/py_pubsub/share/py_pubsub/hook/ament_prefix_path.ps1'
[1.132s] INFO:colcon.colcon_core.shell:Creating environment descriptor '/Users/martinwhite/dev_ws/src/py_pubsub/install/py_pubsub/share/py_pubsub/hook/ament_prefix_path.dsv'
[1.133s] INFO:colcon.colcon_core.shell:Creating environment hook '/Users/martinwhite/dev_ws/src/py_pubsub/install/py_pubsub/share/py_pubsub/hook/ament_prefix_path.sh'
[1.148s] INFO:colcon.colcon_core.shell:Skip shell extension 'powershell' for command environment: Not usable outside of PowerShell
[1.148s] DEBUG:colcon.colcon_core.shell:Skip shell extension 'dsv' for command environment
[1.558s] INFO:colcon.colcon_core.task.python.build:Building Python package in '/Users/martinwhite/dev_ws/src/py_pubsub'
[1.574s] INFO:colcon.colcon_core.shell:Skip shell extension 'powershell' for command environment: Not usable outside of PowerShell
[1.574s] DEBUG:colcon.colcon_core.shell:Skip shell extension 'dsv' for command environment
[1.608s] DEBUG:colcon.colcon_core.event_handler.log_command:Invoking command in '/Users/martinwhite/dev_ws/src/py_pubsub': PYTHONPATH=/Users/martinwhite/dev_ws/src/py_pubsub/install/py_pubsub/lib/python3.8/site-packages:${PYTHONPATH} SHLVL=2 _=/usr/bin/env /usr/local/opt/python@3.8/bin/python3.8 setup.py egg_info --egg-base build/py_pubsub build --build-base /Users/martinwhite/dev_ws/src/py_pubsub/build/py_pubsub/build install --prefix /Users/martinwhite/dev_ws/src/py_pubsub/install/py_pubsub --record /Users/martinwhite/dev_ws/src/py_pubsub/build/py_pubsub/install.log --single-version-externally-managed
[2.140s] DEBUG:colcon.colcon_core.event_handler.log_command:Invoked command in '/Users/martinwhite/dev_ws/src/py_pubsub' returned '0': PYTHONPATH=/Users/martinwhite/dev_ws/src/py_pubsub/install/py_pubsub/lib/python3.8/site-packages:${PYTHONPATH} SHLVL=2 _=/usr/bin/env /usr/local/opt/python@3.8/bin/python3.8 setup.py egg_info --egg-base build/py_pubsub build --build-base /Users/martinwhite/dev_ws/src/py_pubsub/build/py_pubsub/build install --prefix /Users/martinwhite/dev_ws/src/py_pubsub/install/py_pubsub --record /Users/martinwhite/dev_ws/src/py_pubsub/build/py_pubsub/install.log --single-version-externally-managed
[2.158s] Level 1:colcon.colcon_core.environment:checking '/Users/martinwhite/dev_ws/src/py_pubsub/install/py_pubsub' for CMake module files
[2.159s] Level 1:colcon.colcon_core.environment:checking '/Users/martinwhite/dev_ws/src/py_pubsub/install/py_pubsub' for CMake config files
[2.160s] Level 1:colcon.colcon_core.environment:checking '/Users/martinwhite/dev_ws/src/py_pubsub/install/py_pubsub/lib'
[2.161s] Level 1:colcon.colcon_core.environment:checking '/Users/martinwhite/dev_ws/src/py_pubsub/install/py_pubsub/bin'
[2.161s] Level 1:colcon.colcon_core.environment:checking '/Users/martinwhite/dev_ws/src/py_pubsub/install/py_pubsub/lib/pkgconfig/py_pubsub.pc'
[2.161s] Level 1:colcon.colcon_core.environment:checking '/Users/martinwhite/dev_ws/src/py_pubsub/install/py_pubsub/lib/python3.8/site-packages'
[2.161s] Level 1:colcon.colcon_core.shell:create_environment_hook('py_pubsub', 'pythonpath')
[2.173s] INFO:colcon.colcon_core.shell:Creating environment hook '/Users/martinwhite/dev_ws/src/py_pubsub/install/py_pubsub/share/py_pubsub/hook/pythonpath.ps1'
[2.174s] INFO:colcon.colcon_core.shell:Creating environment descriptor '/Users/martinwhite/dev_ws/src/py_pubsub/install/py_pubsub/share/py_pubsub/hook/pythonpath.dsv'
[2.174s] INFO:colcon.colcon_core.shell:Creating environment hook '/Users/martinwhite/dev_ws/src/py_pubsub/install/py_pubsub/share/py_pubsub/hook/pythonpath.sh'
[2.175s] Level 1:colcon.colcon_core.environment:create_environment_scripts_only(py_pubsub)
[2.187s] INFO:colcon.colcon_core.shell:Creating package script '/Users/martinwhite/dev_ws/src/py_pubsub/install/py_pubsub/share/py_pubsub/package.ps1'
[2.189s] INFO:colcon.colcon_core.shell:Creating package descriptor '/Users/martinwhite/dev_ws/src/py_pubsub/install/py_pubsub/share/py_pubsub/package.dsv'
[2.191s] INFO:colcon.colcon_core.shell:Creating package script '/Users/martinwhite/dev_ws/src/py_pubsub/install/py_pubsub/share/py_pubsub/package.sh'
[2.194s] INFO:colcon.colcon_core.shell:Creating package script '/Users/martinwhite/dev_ws/src/py_pubsub/install/py_pubsub/share/py_pubsub/package.bash'
[2.195s] INFO:colcon.colcon_core.shell:Creating package script '/Users/martinwhite/dev_ws/src/py_pubsub/install/py_pubsub/share/py_pubsub/package.zsh'
[2.197s] Level 1:colcon.colcon_core.environment:create_file_with_runtime_dependencies(/Users/martinwhite/dev_ws/src/py_pubsub/install/py_pubsub/share/colcon-core/packages/py_pubsub)
[2.198s] DEBUG:colcon.colcon_parallel_executor.executor.parallel:closing loop
[2.198s] DEBUG:colcon.colcon_parallel_executor.executor.parallel:loop closed
[2.199s] DEBUG:colcon.colcon_parallel_executor.executor.parallel:run_until_complete finished with '0'
[2.199s] DEBUG:colcon.colcon_core.event_reactor:joining thread
[2.215s] INFO:colcon.colcon_core.plugin_system:Skipping extension 'colcon_notification.desktop_notification.notify2': 'notify2' not found
[2.215s] INFO:colcon.colcon_core.plugin_system:Skipping extension 'colcon_notification.desktop_notification.notify_send': Not used on non-Linux systems
[2.215s] INFO:colcon.colcon_core.plugin_system:Skipping extension 'colcon_notification.desktop_notification.win32': Not used on non-Windows systems
[2.215s] INFO:colcon.colcon_notification.desktop_notification:Sending desktop notification using 'terminal_notifier'
[2.292s] DEBUG:colcon.colcon_core.event_reactor:joined thread
[2.306s] INFO:colcon.colcon_core.shell:Creating prefix script '/Users/martinwhite/dev_ws/src/py_pubsub/install/local_setup.ps1'
[2.309s] INFO:colcon.colcon_core.shell:Creating prefix util module '/Users/martinwhite/dev_ws/src/py_pubsub/install/_local_setup_util_ps1.py'
[2.312s] INFO:colcon.colcon_core.shell:Creating prefix chain script '/Users/martinwhite/dev_ws/src/py_pubsub/install/setup.ps1'
[2.325s] INFO:colcon.colcon_core.shell:Creating prefix script '/Users/martinwhite/dev_ws/src/py_pubsub/install/local_setup.sh'
[2.326s] INFO:colcon.colcon_core.shell:Creating prefix util module '/Users/martinwhite/dev_ws/src/py_pubsub/install/_local_setup_util_sh.py'
[2.327s] INFO:colcon.colcon_core.shell:Creating prefix chain script '/Users/martinwhite/dev_ws/src/py_pubsub/install/setup.sh'
[2.340s] INFO:colcon.colcon_core.shell:Creating prefix script '/Users/martinwhite/dev_ws/src/py_pubsub/install/local_setup.bash'
[2.341s] INFO:colcon.colcon_core.shell:Creating prefix chain script '/Users/martinwhite/dev_ws/src/py_pubsub/install/setup.bash'
[2.353s] INFO:colcon.colcon_core.shell:Creating prefix script '/Users/martinwhite/dev_ws/src/py_pubsub/install/local_setup.zsh'
[2.354s] INFO:colcon.colcon_core.shell:Creating prefix chain script '/Users/martinwhite/dev_ws/src/py_pubsub/install/setup.zsh'
